

Processing DemoController#index (for 127.0.0.1 at 2011-02-19 13:27:01) [GET]
Rendering demo/index
Completed in 6ms (View: 3, DB: 0) | 200 OK [http://localhost/demo/index]


Processing DemoController#index (for 127.0.0.1 at 2011-02-19 13:56:51) [GET]
Rendering demo/index
Completed in 7ms (View: 2, DB: 0) | 200 OK [http://localhost/demo/index]


Processing DemoController#hello (for 127.0.0.1 at 2011-02-19 13:56:56) [GET]
Rendering demo/hello
Completed in 6ms (View: 1, DB: 0) | 200 OK [http://localhost/demo/hello]


Processing DemoController#hello (for 127.0.0.1 at 2011-02-19 14:00:56) [GET]
Completed in 11ms (View: 0, DB: 0) | 200 OK [http://localhost/demo/hello]


Processing DemoController#index (for 127.0.0.1 at 2011-02-19 20:09:09) [GET]


ActionController::RenderError (You called render with invalid options : "demo/hello"):
    /vendor/rails/actionpack/lib/action_controller/base.rb:875:in `render_without_benchmark'
    /vendor/rails/actionpack/lib/action_controller/benchmarking.rb:51:in `render'
    /vendor/rails/activesupport/lib/active_support/core_ext/benchmark.rb:8:in `realtime'
    /vendor/rails/actionpack/lib/action_controller/benchmarking.rb:51:in `render'
    /app/controllers/demo_controller.rb:3:in `index'
    /vendor/rails/actionpack/lib/action_controller/base.rb:1256:in `send'
    /vendor/rails/actionpack/lib/action_controller/base.rb:1256:in `perform_action_without_filters'
    /vendor/rails/actionpack/lib/action_controller/filters.rb:617:in `call_filters'
    /vendor/rails/actionpack/lib/action_controller/filters.rb:610:in `perform_action_without_benchmark'
    /vendor/rails/actionpack/lib/action_controller/benchmarking.rb:68:in `perform_action_without_rescue'
    /usr/lib/ruby/1.8/benchmark.rb:293:in `measure'
    /vendor/rails/actionpack/lib/action_controller/benchmarking.rb:68:in `perform_action_without_rescue'
    /vendor/rails/actionpack/lib/action_controller/rescue.rb:136:in `perform_action_without_caching'
    /vendor/rails/actionpack/lib/action_controller/caching/sql_cache.rb:13:in `perform_action'
    /vendor/rails/activerecord/lib/active_record/connection_adapters/abstract/query_cache.rb:34:in `cache'
    /vendor/rails/activerecord/lib/active_record/query_cache.rb:8:in `cache'
    /vendor/rails/actionpack/lib/action_controller/caching/sql_cache.rb:12:in `perform_action'
    /vendor/rails/actionpack/lib/action_controller/base.rb:524:in `send'
    /vendor/rails/actionpack/lib/action_controller/base.rb:524:in `process_without_filters'
    /vendor/rails/actionpack/lib/action_controller/filters.rb:606:in `process_without_session_management_support'
    /vendor/rails/actionpack/lib/action_controller/session_management.rb:134:in `process'
    /vendor/rails/actionpack/lib/action_controller/base.rb:392:in `process'
    /vendor/rails/actionpack/lib/action_controller/dispatcher.rb:184:in `handle_request'
    /vendor/rails/actionpack/lib/action_controller/dispatcher.rb:112:in `dispatch_unlocked'
    /vendor/rails/actionpack/lib/action_controller/dispatcher.rb:125:in `dispatch'
    /vendor/rails/actionpack/lib/action_controller/dispatcher.rb:124:in `synchronize'
    /vendor/rails/actionpack/lib/action_controller/dispatcher.rb:124:in `dispatch'
    /vendor/rails/actionpack/lib/action_controller/dispatcher.rb:134:in `dispatch_cgi'
    /vendor/rails/actionpack/lib/action_controller/dispatcher.rb:41:in `dispatch'
    /vendor/rails/railties/lib/webrick_server.rb:103:in `handle_dispatch'
    /vendor/rails/railties/lib/webrick_server.rb:74:in `service'
    /usr/lib/ruby/1.8/webrick/httpserver.rb:104:in `service'
    /usr/lib/ruby/1.8/webrick/httpserver.rb:65:in `run'
    /usr/lib/ruby/1.8/webrick/server.rb:173:in `start_thread'
    /usr/lib/ruby/1.8/webrick/server.rb:162:in `start'
    /usr/lib/ruby/1.8/webrick/server.rb:162:in `start_thread'
    /usr/lib/ruby/1.8/webrick/server.rb:95:in `start'
    /usr/lib/ruby/1.8/webrick/server.rb:92:in `each'
    /usr/lib/ruby/1.8/webrick/server.rb:92:in `start'
    /usr/lib/ruby/1.8/webrick/server.rb:23:in `start'
    /usr/lib/ruby/1.8/webrick/server.rb:82:in `start'
    /vendor/rails/railties/lib/webrick_server.rb:60:in `dispatch'
    /vendor/rails/railties/lib/commands/servers/webrick.rb:66
    /usr/local/lib/site_ruby/1.8/rubygems/custom_require.rb:29:in `gem_original_require'
    /usr/local/lib/site_ruby/1.8/rubygems/custom_require.rb:29:in `require'
    /vendor/rails/activesupport/lib/active_support/dependencies.rb:153:in `require'
    /vendor/rails/activesupport/lib/active_support/dependencies.rb:521:in `new_constants_in'
    /vendor/rails/activesupport/lib/active_support/dependencies.rb:153:in `require'
    /vendor/rails/railties/lib/commands/server.rb:49
    /usr/local/lib/site_ruby/1.8/rubygems/custom_require.rb:29:in `gem_original_require'
    /usr/local/lib/site_ruby/1.8/rubygems/custom_require.rb:29:in `require'
    script/server:3

Rendered /home/tiser/Sites/testapl/vendor/rails/actionpack/lib/action_controller/templates/rescues/_trace (33.2ms)
Rendered /home/tiser/Sites/testapl/vendor/rails/actionpack/lib/action_controller/templates/rescues/_request_and_response (1.2ms)
Rendering /home/tiser/Sites/testapl/vendor/rails/actionpack/lib/action_controller/templates/rescues/layout.erb (internal_server_error)


Processing DemoController#index (for 127.0.0.1 at 2011-02-19 20:10:26) [GET]


ActionController::RenderError (You called render with invalid options : "demo/hello"):
    /vendor/rails/actionpack/lib/action_controller/base.rb:875:in `render_without_benchmark'
    /vendor/rails/actionpack/lib/action_controller/benchmarking.rb:51:in `render'
    /vendor/rails/activesupport/lib/active_support/core_ext/benchmark.rb:8:in `realtime'
    /vendor/rails/actionpack/lib/action_controller/benchmarking.rb:51:in `render'
    /app/controllers/demo_controller.rb:3:in `index'
    /vendor/rails/actionpack/lib/action_controller/base.rb:1256:in `send'
    /vendor/rails/actionpack/lib/action_controller/base.rb:1256:in `perform_action_without_filters'
    /vendor/rails/actionpack/lib/action_controller/filters.rb:617:in `call_filters'
    /vendor/rails/actionpack/lib/action_controller/filters.rb:610:in `perform_action_without_benchmark'
    /vendor/rails/actionpack/lib/action_controller/benchmarking.rb:68:in `perform_action_without_rescue'
    /usr/lib/ruby/1.8/benchmark.rb:293:in `measure'
    /vendor/rails/actionpack/lib/action_controller/benchmarking.rb:68:in `perform_action_without_rescue'
    /vendor/rails/actionpack/lib/action_controller/rescue.rb:136:in `perform_action_without_caching'
    /vendor/rails/actionpack/lib/action_controller/caching/sql_cache.rb:13:in `perform_action'
    /vendor/rails/activerecord/lib/active_record/connection_adapters/abstract/query_cache.rb:34:in `cache'
    /vendor/rails/activerecord/lib/active_record/query_cache.rb:8:in `cache'
    /vendor/rails/actionpack/lib/action_controller/caching/sql_cache.rb:12:in `perform_action'
    /vendor/rails/actionpack/lib/action_controller/base.rb:524:in `send'
    /vendor/rails/actionpack/lib/action_controller/base.rb:524:in `process_without_filters'
    /vendor/rails/actionpack/lib/action_controller/filters.rb:606:in `process_without_session_management_support'
    /vendor/rails/actionpack/lib/action_controller/session_management.rb:134:in `process'
    /vendor/rails/actionpack/lib/action_controller/base.rb:392:in `process'
    /vendor/rails/actionpack/lib/action_controller/dispatcher.rb:184:in `handle_request'
    /vendor/rails/actionpack/lib/action_controller/dispatcher.rb:112:in `dispatch_unlocked'
    /vendor/rails/actionpack/lib/action_controller/dispatcher.rb:125:in `dispatch'
    /vendor/rails/actionpack/lib/action_controller/dispatcher.rb:124:in `synchronize'
    /vendor/rails/actionpack/lib/action_controller/dispatcher.rb:124:in `dispatch'
    /vendor/rails/actionpack/lib/action_controller/dispatcher.rb:134:in `dispatch_cgi'
    /vendor/rails/actionpack/lib/action_controller/dispatcher.rb:41:in `dispatch'
    /vendor/rails/railties/lib/webrick_server.rb:103:in `handle_dispatch'
    /vendor/rails/railties/lib/webrick_server.rb:74:in `service'
    /usr/lib/ruby/1.8/webrick/httpserver.rb:104:in `service'
    /usr/lib/ruby/1.8/webrick/httpserver.rb:65:in `run'
    /usr/lib/ruby/1.8/webrick/server.rb:173:in `start_thread'
    /usr/lib/ruby/1.8/webrick/server.rb:162:in `start'
    /usr/lib/ruby/1.8/webrick/server.rb:162:in `start_thread'
    /usr/lib/ruby/1.8/webrick/server.rb:95:in `start'
    /usr/lib/ruby/1.8/webrick/server.rb:92:in `each'
    /usr/lib/ruby/1.8/webrick/server.rb:92:in `start'
    /usr/lib/ruby/1.8/webrick/server.rb:23:in `start'
    /usr/lib/ruby/1.8/webrick/server.rb:82:in `start'
    /vendor/rails/railties/lib/webrick_server.rb:60:in `dispatch'
    /vendor/rails/railties/lib/commands/servers/webrick.rb:66
    /usr/local/lib/site_ruby/1.8/rubygems/custom_require.rb:29:in `gem_original_require'
    /usr/local/lib/site_ruby/1.8/rubygems/custom_require.rb:29:in `require'
    /vendor/rails/activesupport/lib/active_support/dependencies.rb:153:in `require'
    /vendor/rails/activesupport/lib/active_support/dependencies.rb:521:in `new_constants_in'
    /vendor/rails/activesupport/lib/active_support/dependencies.rb:153:in `require'
    /vendor/rails/railties/lib/commands/server.rb:49
    /usr/local/lib/site_ruby/1.8/rubygems/custom_require.rb:29:in `gem_original_require'
    /usr/local/lib/site_ruby/1.8/rubygems/custom_require.rb:29:in `require'
    script/server:3

Rendered /home/tiser/Sites/testapl/vendor/rails/actionpack/lib/action_controller/templates/rescues/_trace (34.7ms)
Rendered /home/tiser/Sites/testapl/vendor/rails/actionpack/lib/action_controller/templates/rescues/_request_and_response (1.2ms)
Rendering /home/tiser/Sites/testapl/vendor/rails/actionpack/lib/action_controller/templates/rescues/layout.erb (internal_server_error)


Processing DemoController#hello (for 127.0.0.1 at 2011-02-19 20:10:30) [GET]
Rendering demo/hello
Completed in 17ms (View: 13, DB: 0) | 200 OK [http://localhost/demo/hello]


Processing DemoController#index (for 127.0.0.1 at 2011-02-19 20:10:38) [GET]


ActionController::RenderError (You called render with invalid options : "demo/hello"):
    /vendor/rails/actionpack/lib/action_controller/base.rb:875:in `render_without_benchmark'
    /vendor/rails/actionpack/lib/action_controller/benchmarking.rb:51:in `render'
    /vendor/rails/activesupport/lib/active_support/core_ext/benchmark.rb:8:in `realtime'
    /vendor/rails/actionpack/lib/action_controller/benchmarking.rb:51:in `render'
    /app/controllers/demo_controller.rb:3:in `index'
    /vendor/rails/actionpack/lib/action_controller/base.rb:1256:in `send'
    /vendor/rails/actionpack/lib/action_controller/base.rb:1256:in `perform_action_without_filters'
    /vendor/rails/actionpack/lib/action_controller/filters.rb:617:in `call_filters'
    /vendor/rails/actionpack/lib/action_controller/filters.rb:610:in `perform_action_without_benchmark'
    /vendor/rails/actionpack/lib/action_controller/benchmarking.rb:68:in `perform_action_without_rescue'
    /usr/lib/ruby/1.8/benchmark.rb:293:in `measure'
    /vendor/rails/actionpack/lib/action_controller/benchmarking.rb:68:in `perform_action_without_rescue'
    /vendor/rails/actionpack/lib/action_controller/rescue.rb:136:in `perform_action_without_caching'
    /vendor/rails/actionpack/lib/action_controller/caching/sql_cache.rb:13:in `perform_action'
    /vendor/rails/activerecord/lib/active_record/connection_adapters/abstract/query_cache.rb:34:in `cache'
    /vendor/rails/activerecord/lib/active_record/query_cache.rb:8:in `cache'
    /vendor/rails/actionpack/lib/action_controller/caching/sql_cache.rb:12:in `perform_action'
    /vendor/rails/actionpack/lib/action_controller/base.rb:524:in `send'
    /vendor/rails/actionpack/lib/action_controller/base.rb:524:in `process_without_filters'
    /vendor/rails/actionpack/lib/action_controller/filters.rb:606:in `process_without_session_management_support'
    /vendor/rails/actionpack/lib/action_controller/session_management.rb:134:in `process'
    /vendor/rails/actionpack/lib/action_controller/base.rb:392:in `process'
    /vendor/rails/actionpack/lib/action_controller/dispatcher.rb:184:in `handle_request'
    /vendor/rails/actionpack/lib/action_controller/dispatcher.rb:112:in `dispatch_unlocked'
    /vendor/rails/actionpack/lib/action_controller/dispatcher.rb:125:in `dispatch'
    /vendor/rails/actionpack/lib/action_controller/dispatcher.rb:124:in `synchronize'
    /vendor/rails/actionpack/lib/action_controller/dispatcher.rb:124:in `dispatch'
    /vendor/rails/actionpack/lib/action_controller/dispatcher.rb:134:in `dispatch_cgi'
    /vendor/rails/actionpack/lib/action_controller/dispatcher.rb:41:in `dispatch'
    /vendor/rails/railties/lib/webrick_server.rb:103:in `handle_dispatch'
    /vendor/rails/railties/lib/webrick_server.rb:74:in `service'
    /usr/lib/ruby/1.8/webrick/httpserver.rb:104:in `service'
    /usr/lib/ruby/1.8/webrick/httpserver.rb:65:in `run'
    /usr/lib/ruby/1.8/webrick/server.rb:173:in `start_thread'
    /usr/lib/ruby/1.8/webrick/server.rb:162:in `start'
    /usr/lib/ruby/1.8/webrick/server.rb:162:in `start_thread'
    /usr/lib/ruby/1.8/webrick/server.rb:95:in `start'
    /usr/lib/ruby/1.8/webrick/server.rb:92:in `each'
    /usr/lib/ruby/1.8/webrick/server.rb:92:in `start'
    /usr/lib/ruby/1.8/webrick/server.rb:23:in `start'
    /usr/lib/ruby/1.8/webrick/server.rb:82:in `start'
    /vendor/rails/railties/lib/webrick_server.rb:60:in `dispatch'
    /vendor/rails/railties/lib/commands/servers/webrick.rb:66
    /usr/local/lib/site_ruby/1.8/rubygems/custom_require.rb:29:in `gem_original_require'
    /usr/local/lib/site_ruby/1.8/rubygems/custom_require.rb:29:in `require'
    /vendor/rails/activesupport/lib/active_support/dependencies.rb:153:in `require'
    /vendor/rails/activesupport/lib/active_support/dependencies.rb:521:in `new_constants_in'
    /vendor/rails/activesupport/lib/active_support/dependencies.rb:153:in `require'
    /vendor/rails/railties/lib/commands/server.rb:49
    /usr/local/lib/site_ruby/1.8/rubygems/custom_require.rb:29:in `gem_original_require'
    /usr/local/lib/site_ruby/1.8/rubygems/custom_require.rb:29:in `require'
    script/server:3

Rendered /home/tiser/Sites/testapl/vendor/rails/actionpack/lib/action_controller/templates/rescues/_trace (34.0ms)
Rendered /home/tiser/Sites/testapl/vendor/rails/actionpack/lib/action_controller/templates/rescues/_request_and_response (1.2ms)
Rendering /home/tiser/Sites/testapl/vendor/rails/actionpack/lib/action_controller/templates/rescues/layout.erb (internal_server_error)


Processing DemoController#index (for 127.0.0.1 at 2011-02-19 20:11:09) [GET]


ActionController::RenderError (You called render with invalid options : "hello"):
    /vendor/rails/actionpack/lib/action_controller/base.rb:875:in `render_without_benchmark'
    /vendor/rails/actionpack/lib/action_controller/benchmarking.rb:51:in `render'
    /vendor/rails/activesupport/lib/active_support/core_ext/benchmark.rb:8:in `realtime'
    /vendor/rails/actionpack/lib/action_controller/benchmarking.rb:51:in `render'
    /app/controllers/demo_controller.rb:3:in `index'
    /vendor/rails/actionpack/lib/action_controller/base.rb:1256:in `send'
    /vendor/rails/actionpack/lib/action_controller/base.rb:1256:in `perform_action_without_filters'
    /vendor/rails/actionpack/lib/action_controller/filters.rb:617:in `call_filters'
    /vendor/rails/actionpack/lib/action_controller/filters.rb:610:in `perform_action_without_benchmark'
    /vendor/rails/actionpack/lib/action_controller/benchmarking.rb:68:in `perform_action_without_rescue'
    /usr/lib/ruby/1.8/benchmark.rb:293:in `measure'
    /vendor/rails/actionpack/lib/action_controller/benchmarking.rb:68:in `perform_action_without_rescue'
    /vendor/rails/actionpack/lib/action_controller/rescue.rb:136:in `perform_action_without_caching'
    /vendor/rails/actionpack/lib/action_controller/caching/sql_cache.rb:13:in `perform_action'
    /vendor/rails/activerecord/lib/active_record/connection_adapters/abstract/query_cache.rb:34:in `cache'
    /vendor/rails/activerecord/lib/active_record/query_cache.rb:8:in `cache'
    /vendor/rails/actionpack/lib/action_controller/caching/sql_cache.rb:12:in `perform_action'
    /vendor/rails/actionpack/lib/action_controller/base.rb:524:in `send'
    /vendor/rails/actionpack/lib/action_controller/base.rb:524:in `process_without_filters'
    /vendor/rails/actionpack/lib/action_controller/filters.rb:606:in `process_without_session_management_support'
    /vendor/rails/actionpack/lib/action_controller/session_management.rb:134:in `process'
    /vendor/rails/actionpack/lib/action_controller/base.rb:392:in `process'
    /vendor/rails/actionpack/lib/action_controller/dispatcher.rb:184:in `handle_request'
    /vendor/rails/actionpack/lib/action_controller/dispatcher.rb:112:in `dispatch_unlocked'
    /vendor/rails/actionpack/lib/action_controller/dispatcher.rb:125:in `dispatch'
    /vendor/rails/actionpack/lib/action_controller/dispatcher.rb:124:in `synchronize'
    /vendor/rails/actionpack/lib/action_controller/dispatcher.rb:124:in `dispatch'
    /vendor/rails/actionpack/lib/action_controller/dispatcher.rb:134:in `dispatch_cgi'
    /vendor/rails/actionpack/lib/action_controller/dispatcher.rb:41:in `dispatch'
    /vendor/rails/railties/lib/webrick_server.rb:103:in `handle_dispatch'
    /vendor/rails/railties/lib/webrick_server.rb:74:in `service'
    /usr/lib/ruby/1.8/webrick/httpserver.rb:104:in `service'
    /usr/lib/ruby/1.8/webrick/httpserver.rb:65:in `run'
    /usr/lib/ruby/1.8/webrick/server.rb:173:in `start_thread'
    /usr/lib/ruby/1.8/webrick/server.rb:162:in `start'
    /usr/lib/ruby/1.8/webrick/server.rb:162:in `start_thread'
    /usr/lib/ruby/1.8/webrick/server.rb:95:in `start'
    /usr/lib/ruby/1.8/webrick/server.rb:92:in `each'
    /usr/lib/ruby/1.8/webrick/server.rb:92:in `start'
    /usr/lib/ruby/1.8/webrick/server.rb:23:in `start'
    /usr/lib/ruby/1.8/webrick/server.rb:82:in `start'
    /vendor/rails/railties/lib/webrick_server.rb:60:in `dispatch'
    /vendor/rails/railties/lib/commands/servers/webrick.rb:66
    /usr/local/lib/site_ruby/1.8/rubygems/custom_require.rb:29:in `gem_original_require'
    /usr/local/lib/site_ruby/1.8/rubygems/custom_require.rb:29:in `require'
    /vendor/rails/activesupport/lib/active_support/dependencies.rb:153:in `require'
    /vendor/rails/activesupport/lib/active_support/dependencies.rb:521:in `new_constants_in'
    /vendor/rails/activesupport/lib/active_support/dependencies.rb:153:in `require'
    /vendor/rails/railties/lib/commands/server.rb:49
    /usr/local/lib/site_ruby/1.8/rubygems/custom_require.rb:29:in `gem_original_require'
    /usr/local/lib/site_ruby/1.8/rubygems/custom_require.rb:29:in `require'
    script/server:3

Rendered /home/tiser/Sites/testapl/vendor/rails/actionpack/lib/action_controller/templates/rescues/_trace (36.8ms)
Rendered /home/tiser/Sites/testapl/vendor/rails/actionpack/lib/action_controller/templates/rescues/_request_and_response (1.2ms)
Rendering /home/tiser/Sites/testapl/vendor/rails/actionpack/lib/action_controller/templates/rescues/layout.erb (internal_server_error)


Processing DemoController#index (for 127.0.0.1 at 2011-02-19 20:11:10) [GET]


ActionController::RenderError (You called render with invalid options : "hello"):
    /vendor/rails/actionpack/lib/action_controller/base.rb:875:in `render_without_benchmark'
    /vendor/rails/actionpack/lib/action_controller/benchmarking.rb:51:in `render'
    /vendor/rails/activesupport/lib/active_support/core_ext/benchmark.rb:8:in `realtime'
    /vendor/rails/actionpack/lib/action_controller/benchmarking.rb:51:in `render'
    /app/controllers/demo_controller.rb:3:in `index'
    /vendor/rails/actionpack/lib/action_controller/base.rb:1256:in `send'
    /vendor/rails/actionpack/lib/action_controller/base.rb:1256:in `perform_action_without_filters'
    /vendor/rails/actionpack/lib/action_controller/filters.rb:617:in `call_filters'
    /vendor/rails/actionpack/lib/action_controller/filters.rb:610:in `perform_action_without_benchmark'
    /vendor/rails/actionpack/lib/action_controller/benchmarking.rb:68:in `perform_action_without_rescue'
    /usr/lib/ruby/1.8/benchmark.rb:293:in `measure'
    /vendor/rails/actionpack/lib/action_controller/benchmarking.rb:68:in `perform_action_without_rescue'
    /vendor/rails/actionpack/lib/action_controller/rescue.rb:136:in `perform_action_without_caching'
    /vendor/rails/actionpack/lib/action_controller/caching/sql_cache.rb:13:in `perform_action'
    /vendor/rails/activerecord/lib/active_record/connection_adapters/abstract/query_cache.rb:34:in `cache'
    /vendor/rails/activerecord/lib/active_record/query_cache.rb:8:in `cache'
    /vendor/rails/actionpack/lib/action_controller/caching/sql_cache.rb:12:in `perform_action'
    /vendor/rails/actionpack/lib/action_controller/base.rb:524:in `send'
    /vendor/rails/actionpack/lib/action_controller/base.rb:524:in `process_without_filters'
    /vendor/rails/actionpack/lib/action_controller/filters.rb:606:in `process_without_session_management_support'
    /vendor/rails/actionpack/lib/action_controller/session_management.rb:134:in `process'
    /vendor/rails/actionpack/lib/action_controller/base.rb:392:in `process'
    /vendor/rails/actionpack/lib/action_controller/dispatcher.rb:184:in `handle_request'
    /vendor/rails/actionpack/lib/action_controller/dispatcher.rb:112:in `dispatch_unlocked'
    /vendor/rails/actionpack/lib/action_controller/dispatcher.rb:125:in `dispatch'
    /vendor/rails/actionpack/lib/action_controller/dispatcher.rb:124:in `synchronize'
    /vendor/rails/actionpack/lib/action_controller/dispatcher.rb:124:in `dispatch'
    /vendor/rails/actionpack/lib/action_controller/dispatcher.rb:134:in `dispatch_cgi'
    /vendor/rails/actionpack/lib/action_controller/dispatcher.rb:41:in `dispatch'
    /vendor/rails/railties/lib/webrick_server.rb:103:in `handle_dispatch'
    /vendor/rails/railties/lib/webrick_server.rb:74:in `service'
    /usr/lib/ruby/1.8/webrick/httpserver.rb:104:in `service'
    /usr/lib/ruby/1.8/webrick/httpserver.rb:65:in `run'
    /usr/lib/ruby/1.8/webrick/server.rb:173:in `start_thread'
    /usr/lib/ruby/1.8/webrick/server.rb:162:in `start'
    /usr/lib/ruby/1.8/webrick/server.rb:162:in `start_thread'
    /usr/lib/ruby/1.8/webrick/server.rb:95:in `start'
    /usr/lib/ruby/1.8/webrick/server.rb:92:in `each'
    /usr/lib/ruby/1.8/webrick/server.rb:92:in `start'
    /usr/lib/ruby/1.8/webrick/server.rb:23:in `start'
    /usr/lib/ruby/1.8/webrick/server.rb:82:in `start'
    /vendor/rails/railties/lib/webrick_server.rb:60:in `dispatch'
    /vendor/rails/railties/lib/commands/servers/webrick.rb:66
    /usr/local/lib/site_ruby/1.8/rubygems/custom_require.rb:29:in `gem_original_require'
    /usr/local/lib/site_ruby/1.8/rubygems/custom_require.rb:29:in `require'
    /vendor/rails/activesupport/lib/active_support/dependencies.rb:153:in `require'
    /vendor/rails/activesupport/lib/active_support/dependencies.rb:521:in `new_constants_in'
    /vendor/rails/activesupport/lib/active_support/dependencies.rb:153:in `require'
    /vendor/rails/railties/lib/commands/server.rb:49
    /usr/local/lib/site_ruby/1.8/rubygems/custom_require.rb:29:in `gem_original_require'
    /usr/local/lib/site_ruby/1.8/rubygems/custom_require.rb:29:in `require'
    script/server:3

Rendered /home/tiser/Sites/testapl/vendor/rails/actionpack/lib/action_controller/templates/rescues/_trace (34.2ms)
Rendered /home/tiser/Sites/testapl/vendor/rails/actionpack/lib/action_controller/templates/rescues/_request_and_response (1.2ms)
Rendering /home/tiser/Sites/testapl/vendor/rails/actionpack/lib/action_controller/templates/rescues/layout.erb (internal_server_error)


Processing DemoController#hello (for 127.0.0.1 at 2011-02-19 20:11:39) [GET]
Rendering demo/hello
Completed in 20ms (View: 6, DB: 0) | 200 OK [http://localhost/demo/hello]


Processing DemoController#other_hello (for 127.0.0.1 at 2011-02-19 20:11:51) [GET]
Completed in 3ms (View: 0, DB: 0) | 200 OK [http://localhost/demo/other_hello]


Processing DemoController#hello (for 127.0.0.1 at 2011-02-19 20:11:56) [GET]
Rendering demo/hello
Completed in 12ms (View: 7, DB: 0) | 200 OK [http://localhost/demo/hello]


Processing DemoController#hello (for 127.0.0.1 at 2011-02-19 20:12:40) [GET]
Rendering demo/hello
Completed in 15ms (View: 6, DB: 0) | 200 OK [http://localhost/demo/hello]


Processing DemoController#other_hello (for 127.0.0.1 at 2011-02-19 20:12:44) [GET]
Completed in 11ms (View: 0, DB: 0) | 200 OK [http://localhost/demo/other_hello]


Processing DemoController#indezx (for 127.0.0.1 at 2011-02-19 20:12:50) [GET]


ActionController::UnknownAction (No action responded to indezx. Actions: hello, index, and other_hello):
    /vendor/rails/actionpack/lib/action_controller/filters.rb:617:in `call_filters'
    /vendor/rails/actionpack/lib/action_controller/filters.rb:610:in `perform_action_without_benchmark'
    /vendor/rails/actionpack/lib/action_controller/benchmarking.rb:68:in `perform_action_without_rescue'
    /usr/lib/ruby/1.8/benchmark.rb:293:in `measure'
    /vendor/rails/actionpack/lib/action_controller/benchmarking.rb:68:in `perform_action_without_rescue'
    /vendor/rails/actionpack/lib/action_controller/rescue.rb:136:in `perform_action_without_caching'
    /vendor/rails/actionpack/lib/action_controller/caching/sql_cache.rb:13:in `perform_action'
    /vendor/rails/activerecord/lib/active_record/connection_adapters/abstract/query_cache.rb:34:in `cache'
    /vendor/rails/activerecord/lib/active_record/query_cache.rb:8:in `cache'
    /vendor/rails/actionpack/lib/action_controller/caching/sql_cache.rb:12:in `perform_action'
    /vendor/rails/actionpack/lib/action_controller/base.rb:524:in `send'
    /vendor/rails/actionpack/lib/action_controller/base.rb:524:in `process_without_filters'
    /vendor/rails/actionpack/lib/action_controller/filters.rb:606:in `process_without_session_management_support'
    /vendor/rails/actionpack/lib/action_controller/session_management.rb:134:in `process'
    /vendor/rails/actionpack/lib/action_controller/base.rb:392:in `process'
    /vendor/rails/actionpack/lib/action_controller/dispatcher.rb:184:in `handle_request'
    /vendor/rails/actionpack/lib/action_controller/dispatcher.rb:112:in `dispatch_unlocked'
    /vendor/rails/actionpack/lib/action_controller/dispatcher.rb:125:in `dispatch'
    /vendor/rails/actionpack/lib/action_controller/dispatcher.rb:124:in `synchronize'
    /vendor/rails/actionpack/lib/action_controller/dispatcher.rb:124:in `dispatch'
    /vendor/rails/actionpack/lib/action_controller/dispatcher.rb:134:in `dispatch_cgi'
    /vendor/rails/actionpack/lib/action_controller/dispatcher.rb:41:in `dispatch'
    /vendor/rails/railties/lib/webrick_server.rb:103:in `handle_dispatch'
    /vendor/rails/railties/lib/webrick_server.rb:74:in `service'
    /usr/lib/ruby/1.8/webrick/httpserver.rb:104:in `service'
    /usr/lib/ruby/1.8/webrick/httpserver.rb:65:in `run'
    /usr/lib/ruby/1.8/webrick/server.rb:173:in `start_thread'
    /usr/lib/ruby/1.8/webrick/server.rb:162:in `start'
    /usr/lib/ruby/1.8/webrick/server.rb:162:in `start_thread'
    /usr/lib/ruby/1.8/webrick/server.rb:95:in `start'
    /usr/lib/ruby/1.8/webrick/server.rb:92:in `each'
    /usr/lib/ruby/1.8/webrick/server.rb:92:in `start'
    /usr/lib/ruby/1.8/webrick/server.rb:23:in `start'
    /usr/lib/ruby/1.8/webrick/server.rb:82:in `start'
    /vendor/rails/railties/lib/webrick_server.rb:60:in `dispatch'
    /vendor/rails/railties/lib/commands/servers/webrick.rb:66
    /usr/local/lib/site_ruby/1.8/rubygems/custom_require.rb:29:in `gem_original_require'
    /usr/local/lib/site_ruby/1.8/rubygems/custom_require.rb:29:in `require'
    /vendor/rails/activesupport/lib/active_support/dependencies.rb:153:in `require'
    /vendor/rails/activesupport/lib/active_support/dependencies.rb:521:in `new_constants_in'
    /vendor/rails/activesupport/lib/active_support/dependencies.rb:153:in `require'
    /vendor/rails/railties/lib/commands/server.rb:49
    /usr/local/lib/site_ruby/1.8/rubygems/custom_require.rb:29:in `gem_original_require'
    /usr/local/lib/site_ruby/1.8/rubygems/custom_require.rb:29:in `require'
    script/server:3

Rendering /home/tiser/Sites/testapl/vendor/rails/actionpack/lib/action_controller/templates/rescues/layout.erb (not_found)


Processing DemoController#index (for 127.0.0.1 at 2011-02-19 20:12:52) [GET]


ActionController::RenderError (You called render with invalid options : "demo/hello"):
    /vendor/rails/actionpack/lib/action_controller/base.rb:875:in `render_without_benchmark'
    /vendor/rails/actionpack/lib/action_controller/benchmarking.rb:51:in `render'
    /vendor/rails/activesupport/lib/active_support/core_ext/benchmark.rb:8:in `realtime'
    /vendor/rails/actionpack/lib/action_controller/benchmarking.rb:51:in `render'
    /app/controllers/demo_controller.rb:3:in `index'
    /vendor/rails/actionpack/lib/action_controller/base.rb:1256:in `send'
    /vendor/rails/actionpack/lib/action_controller/base.rb:1256:in `perform_action_without_filters'
    /vendor/rails/actionpack/lib/action_controller/filters.rb:617:in `call_filters'
    /vendor/rails/actionpack/lib/action_controller/filters.rb:610:in `perform_action_without_benchmark'
    /vendor/rails/actionpack/lib/action_controller/benchmarking.rb:68:in `perform_action_without_rescue'
    /usr/lib/ruby/1.8/benchmark.rb:293:in `measure'
    /vendor/rails/actionpack/lib/action_controller/benchmarking.rb:68:in `perform_action_without_rescue'
    /vendor/rails/actionpack/lib/action_controller/rescue.rb:136:in `perform_action_without_caching'
    /vendor/rails/actionpack/lib/action_controller/caching/sql_cache.rb:13:in `perform_action'
    /vendor/rails/activerecord/lib/active_record/connection_adapters/abstract/query_cache.rb:34:in `cache'
    /vendor/rails/activerecord/lib/active_record/query_cache.rb:8:in `cache'
    /vendor/rails/actionpack/lib/action_controller/caching/sql_cache.rb:12:in `perform_action'
    /vendor/rails/actionpack/lib/action_controller/base.rb:524:in `send'
    /vendor/rails/actionpack/lib/action_controller/base.rb:524:in `process_without_filters'
    /vendor/rails/actionpack/lib/action_controller/filters.rb:606:in `process_without_session_management_support'
    /vendor/rails/actionpack/lib/action_controller/session_management.rb:134:in `process'
    /vendor/rails/actionpack/lib/action_controller/base.rb:392:in `process'
    /vendor/rails/actionpack/lib/action_controller/dispatcher.rb:184:in `handle_request'
    /vendor/rails/actionpack/lib/action_controller/dispatcher.rb:112:in `dispatch_unlocked'
    /vendor/rails/actionpack/lib/action_controller/dispatcher.rb:125:in `dispatch'
    /vendor/rails/actionpack/lib/action_controller/dispatcher.rb:124:in `synchronize'
    /vendor/rails/actionpack/lib/action_controller/dispatcher.rb:124:in `dispatch'
    /vendor/rails/actionpack/lib/action_controller/dispatcher.rb:134:in `dispatch_cgi'
    /vendor/rails/actionpack/lib/action_controller/dispatcher.rb:41:in `dispatch'
    /vendor/rails/railties/lib/webrick_server.rb:103:in `handle_dispatch'
    /vendor/rails/railties/lib/webrick_server.rb:74:in `service'
    /usr/lib/ruby/1.8/webrick/httpserver.rb:104:in `service'
    /usr/lib/ruby/1.8/webrick/httpserver.rb:65:in `run'
    /usr/lib/ruby/1.8/webrick/server.rb:173:in `start_thread'
    /usr/lib/ruby/1.8/webrick/server.rb:162:in `start'
    /usr/lib/ruby/1.8/webrick/server.rb:162:in `start_thread'
    /usr/lib/ruby/1.8/webrick/server.rb:95:in `start'
    /usr/lib/ruby/1.8/webrick/server.rb:92:in `each'
    /usr/lib/ruby/1.8/webrick/server.rb:92:in `start'
    /usr/lib/ruby/1.8/webrick/server.rb:23:in `start'
    /usr/lib/ruby/1.8/webrick/server.rb:82:in `start'
    /vendor/rails/railties/lib/webrick_server.rb:60:in `dispatch'
    /vendor/rails/railties/lib/commands/servers/webrick.rb:66
    /usr/local/lib/site_ruby/1.8/rubygems/custom_require.rb:29:in `gem_original_require'
    /usr/local/lib/site_ruby/1.8/rubygems/custom_require.rb:29:in `require'
    /vendor/rails/activesupport/lib/active_support/dependencies.rb:153:in `require'
    /vendor/rails/activesupport/lib/active_support/dependencies.rb:521:in `new_constants_in'
    /vendor/rails/activesupport/lib/active_support/dependencies.rb:153:in `require'
    /vendor/rails/railties/lib/commands/server.rb:49
    /usr/local/lib/site_ruby/1.8/rubygems/custom_require.rb:29:in `gem_original_require'
    /usr/local/lib/site_ruby/1.8/rubygems/custom_require.rb:29:in `require'
    script/server:3

Rendered /home/tiser/Sites/testapl/vendor/rails/actionpack/lib/action_controller/templates/rescues/_trace (37.9ms)
Rendered /home/tiser/Sites/testapl/vendor/rails/actionpack/lib/action_controller/templates/rescues/_request_and_response (1.2ms)
Rendering /home/tiser/Sites/testapl/vendor/rails/actionpack/lib/action_controller/templates/rescues/layout.erb (internal_server_error)


Processing DemoController#index (for 127.0.0.1 at 2011-02-19 20:14:14) [GET]


ActionController::RenderError (You called render with invalid options : "demo/hello"):
    /vendor/rails/actionpack/lib/action_controller/base.rb:875:in `render_without_benchmark'
    /vendor/rails/actionpack/lib/action_controller/benchmarking.rb:51:in `render'
    /vendor/rails/activesupport/lib/active_support/core_ext/benchmark.rb:8:in `realtime'
    /vendor/rails/actionpack/lib/action_controller/benchmarking.rb:51:in `render'
    /app/controllers/demo_controller.rb:3:in `index'
    /vendor/rails/actionpack/lib/action_controller/base.rb:1256:in `send'
    /vendor/rails/actionpack/lib/action_controller/base.rb:1256:in `perform_action_without_filters'
    /vendor/rails/actionpack/lib/action_controller/filters.rb:617:in `call_filters'
    /vendor/rails/actionpack/lib/action_controller/filters.rb:610:in `perform_action_without_benchmark'
    /vendor/rails/actionpack/lib/action_controller/benchmarking.rb:68:in `perform_action_without_rescue'
    /usr/lib/ruby/1.8/benchmark.rb:293:in `measure'
    /vendor/rails/actionpack/lib/action_controller/benchmarking.rb:68:in `perform_action_without_rescue'
    /vendor/rails/actionpack/lib/action_controller/rescue.rb:136:in `perform_action_without_caching'
    /vendor/rails/actionpack/lib/action_controller/caching/sql_cache.rb:13:in `perform_action'
    /vendor/rails/activerecord/lib/active_record/connection_adapters/abstract/query_cache.rb:34:in `cache'
    /vendor/rails/activerecord/lib/active_record/query_cache.rb:8:in `cache'
    /vendor/rails/actionpack/lib/action_controller/caching/sql_cache.rb:12:in `perform_action'
    /vendor/rails/actionpack/lib/action_controller/base.rb:524:in `send'
    /vendor/rails/actionpack/lib/action_controller/base.rb:524:in `process_without_filters'
    /vendor/rails/actionpack/lib/action_controller/filters.rb:606:in `process_without_session_management_support'
    /vendor/rails/actionpack/lib/action_controller/session_management.rb:134:in `process'
    /vendor/rails/actionpack/lib/action_controller/base.rb:392:in `process'
    /vendor/rails/actionpack/lib/action_controller/dispatcher.rb:184:in `handle_request'
    /vendor/rails/actionpack/lib/action_controller/dispatcher.rb:112:in `dispatch_unlocked'
    /vendor/rails/actionpack/lib/action_controller/dispatcher.rb:125:in `dispatch'
    /vendor/rails/actionpack/lib/action_controller/dispatcher.rb:124:in `synchronize'
    /vendor/rails/actionpack/lib/action_controller/dispatcher.rb:124:in `dispatch'
    /vendor/rails/actionpack/lib/action_controller/dispatcher.rb:134:in `dispatch_cgi'
    /vendor/rails/actionpack/lib/action_controller/dispatcher.rb:41:in `dispatch'
    /vendor/rails/railties/lib/webrick_server.rb:103:in `handle_dispatch'
    /vendor/rails/railties/lib/webrick_server.rb:74:in `service'
    /usr/lib/ruby/1.8/webrick/httpserver.rb:104:in `service'
    /usr/lib/ruby/1.8/webrick/httpserver.rb:65:in `run'
    /usr/lib/ruby/1.8/webrick/server.rb:173:in `start_thread'
    /usr/lib/ruby/1.8/webrick/server.rb:162:in `start'
    /usr/lib/ruby/1.8/webrick/server.rb:162:in `start_thread'
    /usr/lib/ruby/1.8/webrick/server.rb:95:in `start'
    /usr/lib/ruby/1.8/webrick/server.rb:92:in `each'
    /usr/lib/ruby/1.8/webrick/server.rb:92:in `start'
    /usr/lib/ruby/1.8/webrick/server.rb:23:in `start'
    /usr/lib/ruby/1.8/webrick/server.rb:82:in `start'
    /vendor/rails/railties/lib/webrick_server.rb:60:in `dispatch'
    /vendor/rails/railties/lib/commands/servers/webrick.rb:66
    /usr/local/lib/site_ruby/1.8/rubygems/custom_require.rb:29:in `gem_original_require'
    /usr/local/lib/site_ruby/1.8/rubygems/custom_require.rb:29:in `require'
    /vendor/rails/activesupport/lib/active_support/dependencies.rb:153:in `require'
    /vendor/rails/activesupport/lib/active_support/dependencies.rb:521:in `new_constants_in'
    /vendor/rails/activesupport/lib/active_support/dependencies.rb:153:in `require'
    /vendor/rails/railties/lib/commands/server.rb:49
    /usr/local/lib/site_ruby/1.8/rubygems/custom_require.rb:29:in `gem_original_require'
    /usr/local/lib/site_ruby/1.8/rubygems/custom_require.rb:29:in `require'
    script/server:3

Rendered /home/tiser/Sites/testapl/vendor/rails/actionpack/lib/action_controller/templates/rescues/_trace (35.0ms)
Rendered /home/tiser/Sites/testapl/vendor/rails/actionpack/lib/action_controller/templates/rescues/_request_and_response (1.1ms)
Rendering /home/tiser/Sites/testapl/vendor/rails/actionpack/lib/action_controller/templates/rescues/layout.erb (internal_server_error)


Processing DemoController#index (for 127.0.0.1 at 2011-02-19 20:14:18) [GET]


ActionController::RenderError (You called render with invalid options : "demo/hello"):
    /vendor/rails/actionpack/lib/action_controller/base.rb:875:in `render_without_benchmark'
    /vendor/rails/actionpack/lib/action_controller/benchmarking.rb:51:in `render'
    /vendor/rails/activesupport/lib/active_support/core_ext/benchmark.rb:8:in `realtime'
    /vendor/rails/actionpack/lib/action_controller/benchmarking.rb:51:in `render'
    /app/controllers/demo_controller.rb:3:in `index'
    /vendor/rails/actionpack/lib/action_controller/base.rb:1256:in `send'
    /vendor/rails/actionpack/lib/action_controller/base.rb:1256:in `perform_action_without_filters'
    /vendor/rails/actionpack/lib/action_controller/filters.rb:617:in `call_filters'
    /vendor/rails/actionpack/lib/action_controller/filters.rb:610:in `perform_action_without_benchmark'
    /vendor/rails/actionpack/lib/action_controller/benchmarking.rb:68:in `perform_action_without_rescue'
    /usr/lib/ruby/1.8/benchmark.rb:293:in `measure'
    /vendor/rails/actionpack/lib/action_controller/benchmarking.rb:68:in `perform_action_without_rescue'
    /vendor/rails/actionpack/lib/action_controller/rescue.rb:136:in `perform_action_without_caching'
    /vendor/rails/actionpack/lib/action_controller/caching/sql_cache.rb:13:in `perform_action'
    /vendor/rails/activerecord/lib/active_record/connection_adapters/abstract/query_cache.rb:34:in `cache'
    /vendor/rails/activerecord/lib/active_record/query_cache.rb:8:in `cache'
    /vendor/rails/actionpack/lib/action_controller/caching/sql_cache.rb:12:in `perform_action'
    /vendor/rails/actionpack/lib/action_controller/base.rb:524:in `send'
    /vendor/rails/actionpack/lib/action_controller/base.rb:524:in `process_without_filters'
    /vendor/rails/actionpack/lib/action_controller/filters.rb:606:in `process_without_session_management_support'
    /vendor/rails/actionpack/lib/action_controller/session_management.rb:134:in `process'
    /vendor/rails/actionpack/lib/action_controller/base.rb:392:in `process'
    /vendor/rails/actionpack/lib/action_controller/dispatcher.rb:184:in `handle_request'
    /vendor/rails/actionpack/lib/action_controller/dispatcher.rb:112:in `dispatch_unlocked'
    /vendor/rails/actionpack/lib/action_controller/dispatcher.rb:125:in `dispatch'
    /vendor/rails/actionpack/lib/action_controller/dispatcher.rb:124:in `synchronize'
    /vendor/rails/actionpack/lib/action_controller/dispatcher.rb:124:in `dispatch'
    /vendor/rails/actionpack/lib/action_controller/dispatcher.rb:134:in `dispatch_cgi'
    /vendor/rails/actionpack/lib/action_controller/dispatcher.rb:41:in `dispatch'
    /vendor/rails/railties/lib/webrick_server.rb:103:in `handle_dispatch'
    /vendor/rails/railties/lib/webrick_server.rb:74:in `service'
    /usr/lib/ruby/1.8/webrick/httpserver.rb:104:in `service'
    /usr/lib/ruby/1.8/webrick/httpserver.rb:65:in `run'
    /usr/lib/ruby/1.8/webrick/server.rb:173:in `start_thread'
    /usr/lib/ruby/1.8/webrick/server.rb:162:in `start'
    /usr/lib/ruby/1.8/webrick/server.rb:162:in `start_thread'
    /usr/lib/ruby/1.8/webrick/server.rb:95:in `start'
    /usr/lib/ruby/1.8/webrick/server.rb:92:in `each'
    /usr/lib/ruby/1.8/webrick/server.rb:92:in `start'
    /usr/lib/ruby/1.8/webrick/server.rb:23:in `start'
    /usr/lib/ruby/1.8/webrick/server.rb:82:in `start'
    /vendor/rails/railties/lib/webrick_server.rb:60:in `dispatch'
    /vendor/rails/railties/lib/commands/servers/webrick.rb:66
    /usr/local/lib/site_ruby/1.8/rubygems/custom_require.rb:29:in `gem_original_require'
    /usr/local/lib/site_ruby/1.8/rubygems/custom_require.rb:29:in `require'
    /vendor/rails/activesupport/lib/active_support/dependencies.rb:153:in `require'
    /vendor/rails/activesupport/lib/active_support/dependencies.rb:521:in `new_constants_in'
    /vendor/rails/activesupport/lib/active_support/dependencies.rb:153:in `require'
    /vendor/rails/railties/lib/commands/server.rb:49
    /usr/local/lib/site_ruby/1.8/rubygems/custom_require.rb:29:in `gem_original_require'
    /usr/local/lib/site_ruby/1.8/rubygems/custom_require.rb:29:in `require'
    script/server:3

Rendered /home/tiser/Sites/testapl/vendor/rails/actionpack/lib/action_controller/templates/rescues/_trace (142.0ms)
Rendered /home/tiser/Sites/testapl/vendor/rails/actionpack/lib/action_controller/templates/rescues/_request_and_response (1.4ms)
Rendering /home/tiser/Sites/testapl/vendor/rails/actionpack/lib/action_controller/templates/rescues/layout.erb (internal_server_error)


Processing DemoController#index (for 127.0.0.1 at 2011-02-19 20:14:23) [GET]


ActionController::RenderError (You called render with invalid options : "hello"):
    /vendor/rails/actionpack/lib/action_controller/base.rb:875:in `render_without_benchmark'
    /vendor/rails/actionpack/lib/action_controller/benchmarking.rb:51:in `render'
    /vendor/rails/activesupport/lib/active_support/core_ext/benchmark.rb:8:in `realtime'
    /vendor/rails/actionpack/lib/action_controller/benchmarking.rb:51:in `render'
    /app/controllers/demo_controller.rb:3:in `index'
    /vendor/rails/actionpack/lib/action_controller/base.rb:1256:in `send'
    /vendor/rails/actionpack/lib/action_controller/base.rb:1256:in `perform_action_without_filters'
    /vendor/rails/actionpack/lib/action_controller/filters.rb:617:in `call_filters'
    /vendor/rails/actionpack/lib/action_controller/filters.rb:610:in `perform_action_without_benchmark'
    /vendor/rails/actionpack/lib/action_controller/benchmarking.rb:68:in `perform_action_without_rescue'
    /usr/lib/ruby/1.8/benchmark.rb:293:in `measure'
    /vendor/rails/actionpack/lib/action_controller/benchmarking.rb:68:in `perform_action_without_rescue'
    /vendor/rails/actionpack/lib/action_controller/rescue.rb:136:in `perform_action_without_caching'
    /vendor/rails/actionpack/lib/action_controller/caching/sql_cache.rb:13:in `perform_action'
    /vendor/rails/activerecord/lib/active_record/connection_adapters/abstract/query_cache.rb:34:in `cache'
    /vendor/rails/activerecord/lib/active_record/query_cache.rb:8:in `cache'
    /vendor/rails/actionpack/lib/action_controller/caching/sql_cache.rb:12:in `perform_action'
    /vendor/rails/actionpack/lib/action_controller/base.rb:524:in `send'
    /vendor/rails/actionpack/lib/action_controller/base.rb:524:in `process_without_filters'
    /vendor/rails/actionpack/lib/action_controller/filters.rb:606:in `process_without_session_management_support'
    /vendor/rails/actionpack/lib/action_controller/session_management.rb:134:in `process'
    /vendor/rails/actionpack/lib/action_controller/base.rb:392:in `process'
    /vendor/rails/actionpack/lib/action_controller/dispatcher.rb:184:in `handle_request'
    /vendor/rails/actionpack/lib/action_controller/dispatcher.rb:112:in `dispatch_unlocked'
    /vendor/rails/actionpack/lib/action_controller/dispatcher.rb:125:in `dispatch'
    /vendor/rails/actionpack/lib/action_controller/dispatcher.rb:124:in `synchronize'
    /vendor/rails/actionpack/lib/action_controller/dispatcher.rb:124:in `dispatch'
    /vendor/rails/actionpack/lib/action_controller/dispatcher.rb:134:in `dispatch_cgi'
    /vendor/rails/actionpack/lib/action_controller/dispatcher.rb:41:in `dispatch'
    /vendor/rails/railties/lib/webrick_server.rb:103:in `handle_dispatch'
    /vendor/rails/railties/lib/webrick_server.rb:74:in `service'
    /usr/lib/ruby/1.8/webrick/httpserver.rb:104:in `service'
    /usr/lib/ruby/1.8/webrick/httpserver.rb:65:in `run'
    /usr/lib/ruby/1.8/webrick/server.rb:173:in `start_thread'
    /usr/lib/ruby/1.8/webrick/server.rb:162:in `start'
    /usr/lib/ruby/1.8/webrick/server.rb:162:in `start_thread'
    /usr/lib/ruby/1.8/webrick/server.rb:95:in `start'
    /usr/lib/ruby/1.8/webrick/server.rb:92:in `each'
    /usr/lib/ruby/1.8/webrick/server.rb:92:in `start'
    /usr/lib/ruby/1.8/webrick/server.rb:23:in `start'
    /usr/lib/ruby/1.8/webrick/server.rb:82:in `start'
    /vendor/rails/railties/lib/webrick_server.rb:60:in `dispatch'
    /vendor/rails/railties/lib/commands/servers/webrick.rb:66
    /usr/local/lib/site_ruby/1.8/rubygems/custom_require.rb:29:in `gem_original_require'
    /usr/local/lib/site_ruby/1.8/rubygems/custom_require.rb:29:in `require'
    /vendor/rails/activesupport/lib/active_support/dependencies.rb:153:in `require'
    /vendor/rails/activesupport/lib/active_support/dependencies.rb:521:in `new_constants_in'
    /vendor/rails/activesupport/lib/active_support/dependencies.rb:153:in `require'
    /vendor/rails/railties/lib/commands/server.rb:49
    /usr/local/lib/site_ruby/1.8/rubygems/custom_require.rb:29:in `gem_original_require'
    /usr/local/lib/site_ruby/1.8/rubygems/custom_require.rb:29:in `require'
    script/server:3

Rendered /home/tiser/Sites/testapl/vendor/rails/actionpack/lib/action_controller/templates/rescues/_trace (36.0ms)
Rendered /home/tiser/Sites/testapl/vendor/rails/actionpack/lib/action_controller/templates/rescues/_request_and_response (1.2ms)
Rendering /home/tiser/Sites/testapl/vendor/rails/actionpack/lib/action_controller/templates/rescues/layout.erb (internal_server_error)


Processing DemoController#index (for 127.0.0.1 at 2011-02-19 20:14:38) [GET]
Rendering demo/hello
Completed in 7ms (View: 4, DB: 0) | 200 OK [http://localhost/demo/index]


Processing DemoController#index (for 127.0.0.1 at 2011-02-19 20:14:47) [GET]


ActionController::RenderError (You called render with invalid options : "demo/hello"):
    /vendor/rails/actionpack/lib/action_controller/base.rb:875:in `render_without_benchmark'
    /vendor/rails/actionpack/lib/action_controller/benchmarking.rb:51:in `render'
    /vendor/rails/activesupport/lib/active_support/core_ext/benchmark.rb:8:in `realtime'
    /vendor/rails/actionpack/lib/action_controller/benchmarking.rb:51:in `render'
    /app/controllers/demo_controller.rb:3:in `index'
    /vendor/rails/actionpack/lib/action_controller/base.rb:1256:in `send'
    /vendor/rails/actionpack/lib/action_controller/base.rb:1256:in `perform_action_without_filters'
    /vendor/rails/actionpack/lib/action_controller/filters.rb:617:in `call_filters'
    /vendor/rails/actionpack/lib/action_controller/filters.rb:610:in `perform_action_without_benchmark'
    /vendor/rails/actionpack/lib/action_controller/benchmarking.rb:68:in `perform_action_without_rescue'
    /usr/lib/ruby/1.8/benchmark.rb:293:in `measure'
    /vendor/rails/actionpack/lib/action_controller/benchmarking.rb:68:in `perform_action_without_rescue'
    /vendor/rails/actionpack/lib/action_controller/rescue.rb:136:in `perform_action_without_caching'
    /vendor/rails/actionpack/lib/action_controller/caching/sql_cache.rb:13:in `perform_action'
    /vendor/rails/activerecord/lib/active_record/connection_adapters/abstract/query_cache.rb:34:in `cache'
    /vendor/rails/activerecord/lib/active_record/query_cache.rb:8:in `cache'
    /vendor/rails/actionpack/lib/action_controller/caching/sql_cache.rb:12:in `perform_action'
    /vendor/rails/actionpack/lib/action_controller/base.rb:524:in `send'
    /vendor/rails/actionpack/lib/action_controller/base.rb:524:in `process_without_filters'
    /vendor/rails/actionpack/lib/action_controller/filters.rb:606:in `process_without_session_management_support'
    /vendor/rails/actionpack/lib/action_controller/session_management.rb:134:in `process'
    /vendor/rails/actionpack/lib/action_controller/base.rb:392:in `process'
    /vendor/rails/actionpack/lib/action_controller/dispatcher.rb:184:in `handle_request'
    /vendor/rails/actionpack/lib/action_controller/dispatcher.rb:112:in `dispatch_unlocked'
    /vendor/rails/actionpack/lib/action_controller/dispatcher.rb:125:in `dispatch'
    /vendor/rails/actionpack/lib/action_controller/dispatcher.rb:124:in `synchronize'
    /vendor/rails/actionpack/lib/action_controller/dispatcher.rb:124:in `dispatch'
    /vendor/rails/actionpack/lib/action_controller/dispatcher.rb:134:in `dispatch_cgi'
    /vendor/rails/actionpack/lib/action_controller/dispatcher.rb:41:in `dispatch'
    /vendor/rails/railties/lib/webrick_server.rb:103:in `handle_dispatch'
    /vendor/rails/railties/lib/webrick_server.rb:74:in `service'
    /usr/lib/ruby/1.8/webrick/httpserver.rb:104:in `service'
    /usr/lib/ruby/1.8/webrick/httpserver.rb:65:in `run'
    /usr/lib/ruby/1.8/webrick/server.rb:173:in `start_thread'
    /usr/lib/ruby/1.8/webrick/server.rb:162:in `start'
    /usr/lib/ruby/1.8/webrick/server.rb:162:in `start_thread'
    /usr/lib/ruby/1.8/webrick/server.rb:95:in `start'
    /usr/lib/ruby/1.8/webrick/server.rb:92:in `each'
    /usr/lib/ruby/1.8/webrick/server.rb:92:in `start'
    /usr/lib/ruby/1.8/webrick/server.rb:23:in `start'
    /usr/lib/ruby/1.8/webrick/server.rb:82:in `start'
    /vendor/rails/railties/lib/webrick_server.rb:60:in `dispatch'
    /vendor/rails/railties/lib/commands/servers/webrick.rb:66
    /usr/local/lib/site_ruby/1.8/rubygems/custom_require.rb:29:in `gem_original_require'
    /usr/local/lib/site_ruby/1.8/rubygems/custom_require.rb:29:in `require'
    /vendor/rails/activesupport/lib/active_support/dependencies.rb:153:in `require'
    /vendor/rails/activesupport/lib/active_support/dependencies.rb:521:in `new_constants_in'
    /vendor/rails/activesupport/lib/active_support/dependencies.rb:153:in `require'
    /vendor/rails/railties/lib/commands/server.rb:49
    /usr/local/lib/site_ruby/1.8/rubygems/custom_require.rb:29:in `gem_original_require'
    /usr/local/lib/site_ruby/1.8/rubygems/custom_require.rb:29:in `require'
    script/server:3

Rendered /home/tiser/Sites/testapl/vendor/rails/actionpack/lib/action_controller/templates/rescues/_trace (32.2ms)
Rendered /home/tiser/Sites/testapl/vendor/rails/actionpack/lib/action_controller/templates/rescues/_request_and_response (1.1ms)
Rendering /home/tiser/Sites/testapl/vendor/rails/actionpack/lib/action_controller/templates/rescues/layout.erb (internal_server_error)


Processing DemoController#index (for 127.0.0.1 at 2011-02-19 20:14:51) [GET]
Rendering demo/hello
Completed in 12ms (View: 2, DB: 0) | 200 OK [http://localhost/demo/index]


Processing DemoController#index (for 127.0.0.1 at 2011-02-19 20:15:26) [GET]
Redirected to actionother_hello
Completed in 6ms (DB: 0) | 302 Found [http://localhost/demo/index]


Processing DemoController#other_hello (for 127.0.0.1 at 2011-02-19 20:15:26) [GET]
Completed in 6ms (View: 0, DB: 0) | 200 OK [http://localhost/demo/other_hello]


Processing DemoController#index (for 127.0.0.1 at 2011-02-19 20:15:58) [GET]
Redirected to actionother_hello
Completed in 7ms (DB: 0) | 302 Found [http://localhost/demo/index]


Processing DemoController#other_hello (for 127.0.0.1 at 2011-02-19 20:15:58) [GET]
Completed in 4ms (View: 0, DB: 0) | 200 OK [http://localhost/demo/other_hello]


Processing DemoController#other_hello (for 127.0.0.1 at 2011-02-19 22:07:23) [GET]
Completed in 5ms (View: 0, DB: 0) | 200 OK [http://localhost/demo/other_hello]


Processing DemoController#index (for 127.0.0.1 at 2011-02-19 22:07:25) [GET]
Redirected to actionother_hello
Completed in 11ms (DB: 0) | 302 Found [http://localhost/demo/]


Processing DemoController#other_hello (for 127.0.0.1 at 2011-02-19 22:07:25) [GET]
Completed in 3ms (View: 0, DB: 0) | 200 OK [http://localhost/demo/other_hello]


Processing DemoController#index (for 127.0.0.1 at 2011-02-19 22:07:28) [GET]
Redirected to actionother_hello
Completed in 7ms (DB: 0) | 302 Found [http://localhost/demo/]


Processing DemoController#other_hello (for 127.0.0.1 at 2011-02-19 22:07:29) [GET]
Completed in 6ms (View: 0, DB: 0) | 200 OK [http://localhost/demo/other_hello]


Processing DemoController#hello (for 127.0.0.1 at 2011-02-19 22:07:32) [GET]
Rendering demo/hello
Completed in 14ms (View: 3, DB: 0) | 200 OK [http://localhost/demo/hello]


Processing DemoController#hello (for 127.0.0.1 at 2011-02-19 22:10:38) [GET]
Rendering demo/hello
Completed in 14ms (View: 3, DB: 0) | 200 OK [http://localhost/demo/hello]


Processing DemoController#index (for 127.0.0.1 at 2011-02-19 22:10:41) [GET]
Redirected to actionother_hello
Completed in 8ms (DB: 0) | 302 Found [http://localhost/demo/]


Processing DemoController#other_hello (for 127.0.0.1 at 2011-02-19 22:10:41) [GET]


NoMethodError (undefined method `to' for #<DemoController:0xb5da8850>):
    /app/controllers/demo_controller.rb:13:in `other_hello'
    /vendor/rails/actionpack/lib/action_controller/base.rb:1256:in `send'
    /vendor/rails/actionpack/lib/action_controller/base.rb:1256:in `perform_action_without_filters'
    /vendor/rails/actionpack/lib/action_controller/filters.rb:617:in `call_filters'
    /vendor/rails/actionpack/lib/action_controller/filters.rb:610:in `perform_action_without_benchmark'
    /vendor/rails/actionpack/lib/action_controller/benchmarking.rb:68:in `perform_action_without_rescue'
    /usr/lib/ruby/1.8/benchmark.rb:293:in `measure'
    /vendor/rails/actionpack/lib/action_controller/benchmarking.rb:68:in `perform_action_without_rescue'
    /vendor/rails/actionpack/lib/action_controller/rescue.rb:136:in `perform_action_without_caching'
    /vendor/rails/actionpack/lib/action_controller/caching/sql_cache.rb:13:in `perform_action'
    /vendor/rails/activerecord/lib/active_record/connection_adapters/abstract/query_cache.rb:34:in `cache'
    /vendor/rails/activerecord/lib/active_record/query_cache.rb:8:in `cache'
    /vendor/rails/actionpack/lib/action_controller/caching/sql_cache.rb:12:in `perform_action'
    /vendor/rails/actionpack/lib/action_controller/base.rb:524:in `send'
    /vendor/rails/actionpack/lib/action_controller/base.rb:524:in `process_without_filters'
    /vendor/rails/actionpack/lib/action_controller/filters.rb:606:in `process_without_session_management_support'
    /vendor/rails/actionpack/lib/action_controller/session_management.rb:134:in `process'
    /vendor/rails/actionpack/lib/action_controller/base.rb:392:in `process'
    /vendor/rails/actionpack/lib/action_controller/dispatcher.rb:184:in `handle_request'
    /vendor/rails/actionpack/lib/action_controller/dispatcher.rb:112:in `dispatch_unlocked'
    /vendor/rails/actionpack/lib/action_controller/dispatcher.rb:125:in `dispatch'
    /vendor/rails/actionpack/lib/action_controller/dispatcher.rb:124:in `synchronize'
    /vendor/rails/actionpack/lib/action_controller/dispatcher.rb:124:in `dispatch'
    /vendor/rails/actionpack/lib/action_controller/dispatcher.rb:134:in `dispatch_cgi'
    /vendor/rails/actionpack/lib/action_controller/dispatcher.rb:41:in `dispatch'
    /vendor/rails/railties/lib/webrick_server.rb:103:in `handle_dispatch'
    /vendor/rails/railties/lib/webrick_server.rb:74:in `service'
    /usr/lib/ruby/1.8/webrick/httpserver.rb:104:in `service'
    /usr/lib/ruby/1.8/webrick/httpserver.rb:65:in `run'
    /usr/lib/ruby/1.8/webrick/server.rb:173:in `start_thread'
    /usr/lib/ruby/1.8/webrick/server.rb:162:in `start'
    /usr/lib/ruby/1.8/webrick/server.rb:162:in `start_thread'
    /usr/lib/ruby/1.8/webrick/server.rb:95:in `start'
    /usr/lib/ruby/1.8/webrick/server.rb:92:in `each'
    /usr/lib/ruby/1.8/webrick/server.rb:92:in `start'
    /usr/lib/ruby/1.8/webrick/server.rb:23:in `start'
    /usr/lib/ruby/1.8/webrick/server.rb:82:in `start'
    /vendor/rails/railties/lib/webrick_server.rb:60:in `dispatch'
    /vendor/rails/railties/lib/commands/servers/webrick.rb:66
    /usr/local/lib/site_ruby/1.8/rubygems/custom_require.rb:29:in `gem_original_require'
    /usr/local/lib/site_ruby/1.8/rubygems/custom_require.rb:29:in `require'
    /vendor/rails/activesupport/lib/active_support/dependencies.rb:153:in `require'
    /vendor/rails/activesupport/lib/active_support/dependencies.rb:521:in `new_constants_in'
    /vendor/rails/activesupport/lib/active_support/dependencies.rb:153:in `require'
    /vendor/rails/railties/lib/commands/server.rb:49
    /usr/local/lib/site_ruby/1.8/rubygems/custom_require.rb:29:in `gem_original_require'
    /usr/local/lib/site_ruby/1.8/rubygems/custom_require.rb:29:in `require'
    script/server:3

Rendered /home/tiser/Sites/testapl/vendor/rails/actionpack/lib/action_controller/templates/rescues/_trace (38.8ms)
Rendered /home/tiser/Sites/testapl/vendor/rails/actionpack/lib/action_controller/templates/rescues/_request_and_response (1.2ms)
Rendering /home/tiser/Sites/testapl/vendor/rails/actionpack/lib/action_controller/templates/rescues/layout.erb (internal_server_error)


Processing ApplicationController#other_hello (for 127.0.0.1 at 2011-02-19 22:11:03) [GET]


SyntaxError (/home/tiser/Sites/testapl/app/controllers/demo_controller.rb:13: syntax error, unexpected '<', expecting kEND
	<% link_to (Go to hello,'hello') %>
	 ^
/home/tiser/Sites/testapl/app/controllers/demo_controller.rb:13: syntax error, unexpected '(', expecting kEND
	<% link_to (Go to hello,'hello') %>
	            ^
/home/tiser/Sites/testapl/app/controllers/demo_controller.rb:13: syntax error, unexpected ')', expecting kEND
	<% link_to (Go to hello,'hello') %>
	                                ^):
    /vendor/rails/activesupport/lib/active_support/dependencies.rb:382:in `load_without_new_constant_marking'
    /vendor/rails/activesupport/lib/active_support/dependencies.rb:382:in `load_file'
    /vendor/rails/activesupport/lib/active_support/dependencies.rb:521:in `new_constants_in'
    /vendor/rails/activesupport/lib/active_support/dependencies.rb:381:in `load_file'
    /vendor/rails/activesupport/lib/active_support/dependencies.rb:256:in `require_or_load'
    /vendor/rails/activesupport/lib/active_support/dependencies.rb:427:in `load_missing_constant'
    /vendor/rails/activesupport/lib/active_support/dependencies.rb:77:in `const_missing'
    /vendor/rails/activesupport/lib/active_support/dependencies.rb:89:in `const_missing'
    /vendor/rails/activesupport/lib/active_support/inflector.rb:352:in `constantize'
    /vendor/rails/activesupport/lib/active_support/inflector.rb:351:in `each'
    /vendor/rails/activesupport/lib/active_support/inflector.rb:351:in `constantize'
    /vendor/rails/activesupport/lib/active_support/core_ext/string/inflections.rb:162:in `constantize'
    /vendor/rails/actionpack/lib/action_controller/routing/route_set.rb:392:in `recognize'
    /vendor/rails/actionpack/lib/action_controller/dispatcher.rb:183:in `handle_request'
    /vendor/rails/actionpack/lib/action_controller/dispatcher.rb:112:in `dispatch_unlocked'
    /vendor/rails/actionpack/lib/action_controller/dispatcher.rb:125:in `dispatch'
    /vendor/rails/actionpack/lib/action_controller/dispatcher.rb:124:in `synchronize'
    /vendor/rails/actionpack/lib/action_controller/dispatcher.rb:124:in `dispatch'
    /vendor/rails/actionpack/lib/action_controller/dispatcher.rb:134:in `dispatch_cgi'
    /vendor/rails/actionpack/lib/action_controller/dispatcher.rb:41:in `dispatch'
    /vendor/rails/railties/lib/webrick_server.rb:103:in `handle_dispatch'
    /vendor/rails/railties/lib/webrick_server.rb:74:in `service'
    /usr/lib/ruby/1.8/webrick/httpserver.rb:104:in `service'
    /usr/lib/ruby/1.8/webrick/httpserver.rb:65:in `run'
    /usr/lib/ruby/1.8/webrick/server.rb:173:in `start_thread'
    /usr/lib/ruby/1.8/webrick/server.rb:162:in `start'
    /usr/lib/ruby/1.8/webrick/server.rb:162:in `start_thread'
    /usr/lib/ruby/1.8/webrick/server.rb:95:in `start'
    /usr/lib/ruby/1.8/webrick/server.rb:92:in `each'
    /usr/lib/ruby/1.8/webrick/server.rb:92:in `start'
    /usr/lib/ruby/1.8/webrick/server.rb:23:in `start'
    /usr/lib/ruby/1.8/webrick/server.rb:82:in `start'
    /vendor/rails/railties/lib/webrick_server.rb:60:in `dispatch'
    /vendor/rails/railties/lib/commands/servers/webrick.rb:66
    /usr/local/lib/site_ruby/1.8/rubygems/custom_require.rb:29:in `gem_original_require'
    /usr/local/lib/site_ruby/1.8/rubygems/custom_require.rb:29:in `require'
    /vendor/rails/activesupport/lib/active_support/dependencies.rb:153:in `require'
    /vendor/rails/activesupport/lib/active_support/dependencies.rb:521:in `new_constants_in'
    /vendor/rails/activesupport/lib/active_support/dependencies.rb:153:in `require'
    /vendor/rails/railties/lib/commands/server.rb:49
    /usr/local/lib/site_ruby/1.8/rubygems/custom_require.rb:29:in `gem_original_require'
    /usr/local/lib/site_ruby/1.8/rubygems/custom_require.rb:29:in `require'
    script/server:3

Rendered /home/tiser/Sites/testapl/vendor/rails/actionpack/lib/action_controller/templates/rescues/_trace (58.3ms)
Rendered /home/tiser/Sites/testapl/vendor/rails/actionpack/lib/action_controller/templates/rescues/_request_and_response (9.0ms)
Rendering /home/tiser/Sites/testapl/vendor/rails/actionpack/lib/action_controller/templates/rescues/layout.erb (internal_server_error)


Processing ApplicationController#other_hello (for 127.0.0.1 at 2011-02-19 22:11:04) [GET]


SyntaxError (/home/tiser/Sites/testapl/app/controllers/demo_controller.rb:13: syntax error, unexpected '<', expecting kEND
	<% link_to (Go to hello,'hello') %>
	 ^
/home/tiser/Sites/testapl/app/controllers/demo_controller.rb:13: syntax error, unexpected '(', expecting kEND
	<% link_to (Go to hello,'hello') %>
	            ^
/home/tiser/Sites/testapl/app/controllers/demo_controller.rb:13: syntax error, unexpected ')', expecting kEND
	<% link_to (Go to hello,'hello') %>
	                                ^):
    /vendor/rails/activesupport/lib/active_support/dependencies.rb:382:in `load_without_new_constant_marking'
    /vendor/rails/activesupport/lib/active_support/dependencies.rb:382:in `load_file'
    /vendor/rails/activesupport/lib/active_support/dependencies.rb:521:in `new_constants_in'
    /vendor/rails/activesupport/lib/active_support/dependencies.rb:381:in `load_file'
    /vendor/rails/activesupport/lib/active_support/dependencies.rb:256:in `require_or_load'
    /vendor/rails/activesupport/lib/active_support/dependencies.rb:427:in `load_missing_constant'
    /vendor/rails/activesupport/lib/active_support/dependencies.rb:77:in `const_missing'
    /vendor/rails/activesupport/lib/active_support/dependencies.rb:89:in `const_missing'
    /vendor/rails/activesupport/lib/active_support/inflector.rb:352:in `constantize'
    /vendor/rails/activesupport/lib/active_support/inflector.rb:351:in `each'
    /vendor/rails/activesupport/lib/active_support/inflector.rb:351:in `constantize'
    /vendor/rails/activesupport/lib/active_support/core_ext/string/inflections.rb:162:in `constantize'
    /vendor/rails/actionpack/lib/action_controller/routing/route_set.rb:392:in `recognize'
    /vendor/rails/actionpack/lib/action_controller/dispatcher.rb:183:in `handle_request'
    /vendor/rails/actionpack/lib/action_controller/dispatcher.rb:112:in `dispatch_unlocked'
    /vendor/rails/actionpack/lib/action_controller/dispatcher.rb:125:in `dispatch'
    /vendor/rails/actionpack/lib/action_controller/dispatcher.rb:124:in `synchronize'
    /vendor/rails/actionpack/lib/action_controller/dispatcher.rb:124:in `dispatch'
    /vendor/rails/actionpack/lib/action_controller/dispatcher.rb:134:in `dispatch_cgi'
    /vendor/rails/actionpack/lib/action_controller/dispatcher.rb:41:in `dispatch'
    /vendor/rails/railties/lib/webrick_server.rb:103:in `handle_dispatch'
    /vendor/rails/railties/lib/webrick_server.rb:74:in `service'
    /usr/lib/ruby/1.8/webrick/httpserver.rb:104:in `service'
    /usr/lib/ruby/1.8/webrick/httpserver.rb:65:in `run'
    /usr/lib/ruby/1.8/webrick/server.rb:173:in `start_thread'
    /usr/lib/ruby/1.8/webrick/server.rb:162:in `start'
    /usr/lib/ruby/1.8/webrick/server.rb:162:in `start_thread'
    /usr/lib/ruby/1.8/webrick/server.rb:95:in `start'
    /usr/lib/ruby/1.8/webrick/server.rb:92:in `each'
    /usr/lib/ruby/1.8/webrick/server.rb:92:in `start'
    /usr/lib/ruby/1.8/webrick/server.rb:23:in `start'
    /usr/lib/ruby/1.8/webrick/server.rb:82:in `start'
    /vendor/rails/railties/lib/webrick_server.rb:60:in `dispatch'
    /vendor/rails/railties/lib/commands/servers/webrick.rb:66
    /usr/local/lib/site_ruby/1.8/rubygems/custom_require.rb:29:in `gem_original_require'
    /usr/local/lib/site_ruby/1.8/rubygems/custom_require.rb:29:in `require'
    /vendor/rails/activesupport/lib/active_support/dependencies.rb:153:in `require'
    /vendor/rails/activesupport/lib/active_support/dependencies.rb:521:in `new_constants_in'
    /vendor/rails/activesupport/lib/active_support/dependencies.rb:153:in `require'
    /vendor/rails/railties/lib/commands/server.rb:49
    /usr/local/lib/site_ruby/1.8/rubygems/custom_require.rb:29:in `gem_original_require'
    /usr/local/lib/site_ruby/1.8/rubygems/custom_require.rb:29:in `require'
    script/server:3

Rendered /home/tiser/Sites/testapl/vendor/rails/actionpack/lib/action_controller/templates/rescues/_trace (54.9ms)
Rendered /home/tiser/Sites/testapl/vendor/rails/actionpack/lib/action_controller/templates/rescues/_request_and_response (1.1ms)
Rendering /home/tiser/Sites/testapl/vendor/rails/actionpack/lib/action_controller/templates/rescues/layout.erb (internal_server_error)


Processing DemoController#other_hello (for 127.0.0.1 at 2011-02-19 22:11:52) [GET]
Completed in 9ms (View: 0, DB: 0) | 200 OK [http://localhost/demo/other_hello]


Processing DemoController#index (for 127.0.0.1 at 2011-02-19 22:11:55) [GET]
Redirected to actionother_hello
Completed in 9ms (DB: 0) | 302 Found [http://localhost/demo]


Processing DemoController#other_hello (for 127.0.0.1 at 2011-02-19 22:11:55) [GET]
Completed in 11ms (View: 0, DB: 0) | 200 OK [http://localhost/demo/other_hello]


Processing DemoController#hello (for 127.0.0.1 at 2011-02-19 22:11:58) [GET]
Rendering demo/hello


ActionView::TemplateError (undefined local variable or method `hello' for #<ActionView::Base:0xb5e03048>) on line #11 of app/views/demo/hello.html.erb:
8: 
9: <br />
10: 
11: <% link_to (Go to hello,'hello') %>

    app/views/demo/hello.html.erb:11
    vendor/rails/actionpack/lib/action_view/renderable.rb:39:in `send'
    vendor/rails/actionpack/lib/action_view/renderable.rb:39:in `render'
    vendor/rails/actionpack/lib/action_view/template.rb:73:in `render_template'
    vendor/rails/actionpack/lib/action_view/base.rb:256:in `render'
    vendor/rails/actionpack/lib/action_controller/base.rb:1177:in `render_for_file'
    vendor/rails/actionpack/lib/action_controller/base.rb:896:in `render_without_benchmark'
    vendor/rails/actionpack/lib/action_controller/benchmarking.rb:51:in `render'
    vendor/rails/activesupport/lib/active_support/core_ext/benchmark.rb:8:in `realtime'
    vendor/rails/actionpack/lib/action_controller/benchmarking.rb:51:in `render'
    vendor/rails/actionpack/lib/action_controller/base.rb:868:in `render_without_benchmark'
    vendor/rails/actionpack/lib/action_controller/benchmarking.rb:51:in `render'
    vendor/rails/activesupport/lib/active_support/core_ext/benchmark.rb:8:in `realtime'
    vendor/rails/actionpack/lib/action_controller/benchmarking.rb:51:in `render'
    vendor/rails/actionpack/lib/action_controller/base.rb:1251:in `default_render'
    vendor/rails/actionpack/lib/action_controller/base.rb:1257:in `perform_action_without_filters'
    vendor/rails/actionpack/lib/action_controller/filters.rb:617:in `call_filters'
    vendor/rails/actionpack/lib/action_controller/filters.rb:610:in `perform_action_without_benchmark'
    vendor/rails/actionpack/lib/action_controller/benchmarking.rb:68:in `perform_action_without_rescue'
    /usr/lib/ruby/1.8/benchmark.rb:293:in `measure'
    vendor/rails/actionpack/lib/action_controller/benchmarking.rb:68:in `perform_action_without_rescue'
    vendor/rails/actionpack/lib/action_controller/rescue.rb:136:in `perform_action_without_caching'
    vendor/rails/actionpack/lib/action_controller/caching/sql_cache.rb:13:in `perform_action'
    vendor/rails/activerecord/lib/active_record/connection_adapters/abstract/query_cache.rb:34:in `cache'
    vendor/rails/activerecord/lib/active_record/query_cache.rb:8:in `cache'
    vendor/rails/actionpack/lib/action_controller/caching/sql_cache.rb:12:in `perform_action'
    vendor/rails/actionpack/lib/action_controller/base.rb:524:in `send'
    vendor/rails/actionpack/lib/action_controller/base.rb:524:in `process_without_filters'
    vendor/rails/actionpack/lib/action_controller/filters.rb:606:in `process_without_session_management_support'
    vendor/rails/actionpack/lib/action_controller/session_management.rb:134:in `process'
    vendor/rails/actionpack/lib/action_controller/base.rb:392:in `process'
    vendor/rails/actionpack/lib/action_controller/dispatcher.rb:184:in `handle_request'
    vendor/rails/actionpack/lib/action_controller/dispatcher.rb:112:in `dispatch_unlocked'
    vendor/rails/actionpack/lib/action_controller/dispatcher.rb:125:in `dispatch'
    vendor/rails/actionpack/lib/action_controller/dispatcher.rb:124:in `synchronize'
    vendor/rails/actionpack/lib/action_controller/dispatcher.rb:124:in `dispatch'
    vendor/rails/actionpack/lib/action_controller/dispatcher.rb:134:in `dispatch_cgi'
    vendor/rails/actionpack/lib/action_controller/dispatcher.rb:41:in `dispatch'
    vendor/rails/railties/lib/webrick_server.rb:103:in `handle_dispatch'
    vendor/rails/railties/lib/webrick_server.rb:74:in `service'
    /usr/lib/ruby/1.8/webrick/httpserver.rb:104:in `service'
    /usr/lib/ruby/1.8/webrick/httpserver.rb:65:in `run'
    /usr/lib/ruby/1.8/webrick/server.rb:173:in `start_thread'
    /usr/lib/ruby/1.8/webrick/server.rb:162:in `start'
    /usr/lib/ruby/1.8/webrick/server.rb:162:in `start_thread'
    /usr/lib/ruby/1.8/webrick/server.rb:95:in `start'
    /usr/lib/ruby/1.8/webrick/server.rb:92:in `each'
    /usr/lib/ruby/1.8/webrick/server.rb:92:in `start'
    /usr/lib/ruby/1.8/webrick/server.rb:23:in `start'
    /usr/lib/ruby/1.8/webrick/server.rb:82:in `start'
    vendor/rails/railties/lib/webrick_server.rb:60:in `dispatch'
    vendor/rails/railties/lib/commands/servers/webrick.rb:66
    /usr/local/lib/site_ruby/1.8/rubygems/custom_require.rb:29:in `gem_original_require'
    /usr/local/lib/site_ruby/1.8/rubygems/custom_require.rb:29:in `require'
    vendor/rails/activesupport/lib/active_support/dependencies.rb:153:in `require'
    vendor/rails/activesupport/lib/active_support/dependencies.rb:521:in `new_constants_in'
    vendor/rails/activesupport/lib/active_support/dependencies.rb:153:in `require'
    vendor/rails/railties/lib/commands/server.rb:49
    /usr/local/lib/site_ruby/1.8/rubygems/custom_require.rb:29:in `gem_original_require'
    /usr/local/lib/site_ruby/1.8/rubygems/custom_require.rb:29:in `require'
    script/server:3

Rendered /home/tiser/Sites/testapl/vendor/rails/actionpack/lib/action_controller/templates/rescues/_trace (57.6ms)
Rendered /home/tiser/Sites/testapl/vendor/rails/actionpack/lib/action_controller/templates/rescues/_request_and_response (1.3ms)
Rendering /home/tiser/Sites/testapl/vendor/rails/actionpack/lib/action_controller/templates/rescues/layout.erb (internal_server_error)


Processing DemoController#hello (for 127.0.0.1 at 2011-02-19 22:13:01) [GET]
Rendering demo/hello
Completed in 21ms (View: 11, DB: 0) | 200 OK [http://localhost/demo/hello]


Processing DemoController#hello (for 127.0.0.1 at 2011-02-19 22:13:09) [GET]
Rendering demo/hello
Completed in 14ms (View: 4, DB: 0) | 200 OK [http://localhost/demo/hello]


Processing DemoController#hello (for 127.0.0.1 at 2011-02-19 22:13:14) [GET]
Rendering demo/hello
Completed in 14ms (View: 6, DB: 0) | 200 OK [http://localhost/demo/hello]


Processing DemoController#hello (for 127.0.0.1 at 2011-02-19 22:13:14) [GET]
Rendering demo/hello
Completed in 12ms (View: 7, DB: 0) | 200 OK [http://localhost/demo/hello]


Processing DemoController#hello (for 127.0.0.1 at 2011-02-19 22:13:15) [GET]
Rendering demo/hello
Completed in 11ms (View: 4, DB: 0) | 200 OK [http://localhost/demo/hello]


Processing DemoController#hello (for 127.0.0.1 at 2011-02-19 22:13:24) [GET]
Rendering demo/hello
Completed in 21ms (View: 10, DB: 0) | 200 OK [http://localhost/demo/hello]


Processing DemoController#hello (for 127.0.0.1 at 2011-02-19 22:13:24) [GET]
Rendering demo/hello
Completed in 10ms (View: 3, DB: 0) | 200 OK [http://localhost/demo/hello]


Processing DemoController#index (for 127.0.0.1 at 2011-02-19 22:13:24) [GET]
Redirected to actionother_hello
Completed in 4ms (DB: 0) | 302 Found [http://localhost/demo/index]


Processing DemoController#other_hello (for 127.0.0.1 at 2011-02-19 22:13:24) [GET]
Completed in 6ms (View: 0, DB: 0) | 200 OK [http://localhost/demo/other_hello]


Processing DemoController#hello (for 127.0.0.1 at 2011-02-19 22:15:10) [GET]
Rendering demo/hello
Completed in 17ms (View: 14, DB: 0) | 200 OK [http://localhost/demo/hello]


Processing DemoController#index (for 127.0.0.1 at 2011-02-19 22:15:12) [GET]
Redirected to actionother_hello
Completed in 4ms (DB: 0) | 302 Found [http://localhost/demo]


Processing DemoController#other_hello (for 127.0.0.1 at 2011-02-19 22:15:12) [GET]
Completed in 9ms (View: 0, DB: 0) | 200 OK [http://localhost/demo/other_hello]


Processing DemoController#hello (for 127.0.0.1 at 2011-02-19 22:15:22) [GET]
Rendering demo/hello
Completed in 14ms (View: 5, DB: 0) | 200 OK [http://localhost/demo/hello]


Processing DemoController#index (for 127.0.0.1 at 2011-02-19 22:15:23) [GET]
Redirected to actionother_hello
Completed in 4ms (DB: 0) | 302 Found [http://localhost/demo]


Processing DemoController#other_hello (for 127.0.0.1 at 2011-02-19 22:15:23) [GET]
Completed in 8ms (View: 0, DB: 0) | 200 OK [http://localhost/demo/other_hello]
  [4;36;1mSQL (13.4ms)[0m   [0;1mselect sqlite_version(*)[0m
  [4;35;1mSQL (0.7ms)[0m   [0m SELECT name
 FROM sqlite_master
 WHERE type = 'table' AND NOT name = 'sqlite_sequence'
[0m
  [4;36;1mSQL (0.3ms)[0m   [0;1m SELECT name
 FROM sqlite_master
 WHERE type = 'table' AND NOT name = 'sqlite_sequence'
[0m
  [4;36;1mSQL (0.6ms)[0m   [0;1m SELECT name
 FROM sqlite_master
 WHERE type = 'table' AND NOT name = 'sqlite_sequence'
[0m
  [4;35;1mSQL (0.4ms)[0m   [0mselect sqlite_version(*)[0m
  [4;36;1mSQL (95.9ms)[0m   [0;1mCREATE TABLE "schema_migrations" ("version" varchar(255) NOT NULL) [0m
  [4;35;1mSQL (57.3ms)[0m   [0mCREATE UNIQUE INDEX "unique_schema_migrations" ON "schema_migrations" ("version")[0m
  [4;36;1mSQL (0.4ms)[0m   [0;1m SELECT name
 FROM sqlite_master
 WHERE type = 'table' AND NOT name = 'sqlite_sequence'
[0m
  [4;35;1mSQL (0.3ms)[0m   [0mSELECT version FROM schema_migrations[0m
Migrating to Donothing (20110219204028)
  [4;36;1mSQL (85.7ms)[0m   [0;1mINSERT INTO schema_migrations (version) VALUES ('20110219204028')[0m
Migrating to CreateUsers (20110219204326)
  [4;35;1mSQL (107.8ms)[0m   [0mCREATE TABLE "users" ("id" INTEGER PRIMARY KEY AUTOINCREMENT NOT NULL, "first_name" varchar(25), "last_name" varchar(50), "email" varchar(255) DEFAULT '' NOT NULL, "password" varchar(40), "created_at" datetime, "updated_at" datetime) [0m
  [4;36;1mSQL (87.8ms)[0m   [0;1mINSERT INTO schema_migrations (version) VALUES ('20110219204326')[0m
  [4;35;1mSQL (1.4ms)[0m   [0m SELECT name
 FROM sqlite_master
 WHERE type = 'table' AND NOT name = 'sqlite_sequence'
[0m
  [4;36;1mSQL (0.5ms)[0m   [0;1mSELECT version FROM schema_migrations[0m
  [4;35;1mSQL (0.5ms)[0m   [0m SELECT name
 FROM sqlite_master
 WHERE type = 'table' AND NOT name = 'sqlite_sequence'
[0m
  [4;36;1mSQL (0.5ms)[0m   [0;1mPRAGMA index_list("users")[0m
  [4;36;1mSQL (0.6ms)[0m   [0;1m SELECT name
 FROM sqlite_master
 WHERE type = 'table' AND NOT name = 'sqlite_sequence'
[0m
  [4;35;1mSQL (0.4ms)[0m   [0mselect sqlite_version(*)[0m
  [4;36;1mSQL (102.7ms)[0m   [0;1mCREATE TABLE "schema_migrations" ("version" varchar(255) NOT NULL) [0m
  [4;35;1mSQL (62.9ms)[0m   [0mCREATE UNIQUE INDEX "unique_schema_migrations" ON "schema_migrations" ("version")[0m
  [4;36;1mSQL (0.4ms)[0m   [0;1m SELECT name
 FROM sqlite_master
 WHERE type = 'table' AND NOT name = 'sqlite_sequence'
[0m
  [4;35;1mSQL (0.3ms)[0m   [0mSELECT version FROM schema_migrations[0m
Migrating to Donothing (20110219204028)
  [4;36;1mSQL (77.4ms)[0m   [0;1mINSERT INTO schema_migrations (version) VALUES ('20110219204028')[0m
Migrating to CreateUsers (20110219204326)
  [4;35;1mSQL (85.2ms)[0m   [0mCREATE TABLE "users" ("id" INTEGER PRIMARY KEY AUTOINCREMENT NOT NULL, "first_name" varchar(25), "last_name" varchar(50), "email" varchar(255) DEFAULT '' NOT NULL, "password" varchar(40), "created_at" datetime, "updated_at" datetime) [0m
  [4;36;1mSQL (75.3ms)[0m   [0;1mINSERT INTO schema_migrations (version) VALUES ('20110219204326')[0m
  [4;35;1mSQL (0.7ms)[0m   [0m SELECT name
 FROM sqlite_master
 WHERE type = 'table' AND NOT name = 'sqlite_sequence'
[0m
  [4;36;1mSQL (0.4ms)[0m   [0;1mSELECT version FROM schema_migrations[0m
  [4;35;1mSQL (0.5ms)[0m   [0m SELECT name
 FROM sqlite_master
 WHERE type = 'table' AND NOT name = 'sqlite_sequence'
[0m
  [4;36;1mSQL (0.2ms)[0m   [0;1mPRAGMA index_list("users")[0m
  [4;36;1mSQL (1.0ms)[0m   [0;1m SELECT name
 FROM sqlite_master
 WHERE type = 'table' AND NOT name = 'sqlite_sequence'
[0m
  [4;35;1mSQL (0.5ms)[0m   [0mSELECT version FROM schema_migrations[0m
Migrating to Donothing (20110219204028)
Migrating to CreateUsers (20110219204326)
  [4;36;1mSQL (0.3ms)[0m   [0;1mselect sqlite_version(*)[0m
  [4;35;1mSQL (0.5ms)[0m   [0m SELECT name
 FROM sqlite_master
 WHERE type = 'table' AND NOT name = 'sqlite_sequence'
[0m
  [4;36;1mSQL (0.4ms)[0m   [0;1mSELECT version FROM schema_migrations[0m
  [4;35;1mSQL (0.5ms)[0m   [0m SELECT name
 FROM sqlite_master
 WHERE type = 'table' AND NOT name = 'sqlite_sequence'
[0m
  [4;36;1mSQL (0.2ms)[0m   [0;1mPRAGMA index_list("users")[0m
  [4;36;1mSQL (1.0ms)[0m   [0;1m SELECT name
 FROM sqlite_master
 WHERE type = 'table' AND NOT name = 'sqlite_sequence'
[0m
  [4;35;1mSQL (0.4ms)[0m   [0mselect sqlite_version(*)[0m
  [4;36;1mSQL (106.3ms)[0m   [0;1mCREATE TABLE "schema_migrations" ("version" varchar(255) NOT NULL) [0m
  [4;35;1mSQL (62.6ms)[0m   [0mCREATE UNIQUE INDEX "unique_schema_migrations" ON "schema_migrations" ("version")[0m
  [4;36;1mSQL (0.6ms)[0m   [0;1m SELECT name
 FROM sqlite_master
 WHERE type = 'table' AND NOT name = 'sqlite_sequence'
[0m
  [4;35;1mSQL (0.3ms)[0m   [0mSELECT version FROM schema_migrations[0m
Migrating to Donothing (20110219204028)
  [4;36;1mSQL (85.8ms)[0m   [0;1mINSERT INTO schema_migrations (version) VALUES ('20110219204028')[0m
Migrating to CreateUsers (20110219204326)
  [4;35;1mSQL (92.7ms)[0m   [0mCREATE TABLE "users" ("id" INTEGER PRIMARY KEY AUTOINCREMENT NOT NULL, "first_name" varchar(25), "last_name" varchar(50), "email" varchar(255) DEFAULT '' NOT NULL, "password" varchar(40), "created_at" datetime, "updated_at" datetime) [0m
  [4;36;1mSQL (76.5ms)[0m   [0;1mINSERT INTO schema_migrations (version) VALUES ('20110219204326')[0m
  [4;35;1mSQL (0.5ms)[0m   [0m SELECT name
 FROM sqlite_master
 WHERE type = 'table' AND NOT name = 'sqlite_sequence'
[0m
  [4;36;1mSQL (0.4ms)[0m   [0;1mSELECT version FROM schema_migrations[0m
  [4;35;1mSQL (0.5ms)[0m   [0m SELECT name
 FROM sqlite_master
 WHERE type = 'table' AND NOT name = 'sqlite_sequence'
[0m
  [4;36;1mSQL (0.2ms)[0m   [0;1mPRAGMA index_list("users")[0m
  [4;36;1mSQL (15.1ms)[0m   [0;1m SELECT name
 FROM sqlite_master
 WHERE type = 'table' AND NOT name = 'sqlite_sequence'
[0m
  [4;35;1mSQL (0.5ms)[0m   [0mSELECT version FROM schema_migrations[0m
Migrating to Donothing (20110219204028)
Migrating to CreateUsers (20110219204326)
  [4;36;1mSQL (0.3ms)[0m   [0;1mselect sqlite_version(*)[0m
  [4;35;1mSQL (0.5ms)[0m   [0m SELECT name
 FROM sqlite_master
 WHERE type = 'table' AND NOT name = 'sqlite_sequence'
[0m
  [4;36;1mSQL (0.4ms)[0m   [0;1mSELECT version FROM schema_migrations[0m
  [4;35;1mSQL (0.5ms)[0m   [0m SELECT name
 FROM sqlite_master
 WHERE type = 'table' AND NOT name = 'sqlite_sequence'
[0m
  [4;36;1mSQL (0.2ms)[0m   [0;1mPRAGMA index_list("users")[0m
  [4;36;1mSQL (23.3ms)[0m   [0;1m SELECT name
 FROM sqlite_master
 WHERE type = 'table' AND NOT name = 'sqlite_sequence'
[0m
  [4;35;1mSQL (0.5ms)[0m   [0mSELECT version FROM schema_migrations[0m
Migrating to Donothing (20110219204028)
Migrating to CreateUsers (20110219204326)
  [4;36;1mSQL (0.4ms)[0m   [0;1mselect sqlite_version(*)[0m
  [4;35;1mSQL (0.5ms)[0m   [0m SELECT name
 FROM sqlite_master
 WHERE type = 'table' AND NOT name = 'sqlite_sequence'
[0m
  [4;36;1mSQL (0.7ms)[0m   [0;1mSELECT version FROM schema_migrations[0m
  [4;35;1mSQL (0.5ms)[0m   [0m SELECT name
 FROM sqlite_master
 WHERE type = 'table' AND NOT name = 'sqlite_sequence'
[0m
  [4;36;1mSQL (0.2ms)[0m   [0;1mPRAGMA index_list("users")[0m
